<?xml version="1.0" encoding="UTF-8"?>
<testsuites name="jest tests" tests="1" failures="1" time="7.829">
  <testsuite name="Popeye solver tests" errors="0" failures="1" skipped="0" timestamp="2020-06-15T14:59:24" time="7.653" tests="1">
    <testcase classname="Popeye solver tests" name="build" time="5.011">
      <failure>: Timeout - Async callback was not invoked within the 5000 ms timeout specified by jest.setTimeout.Timeout - Async callback was not invoked within the 5000 ms timeout specified by jest.setTimeout.Error: 
    at new Spec (C:\dev\github\scacchi-painter\src\Gui\sp-gui.html\sp-gui-electron\node_modules\jest-jasmine2\build\jasmine\Spec.js:116:22)
    at new Spec (C:\dev\github\scacchi-painter\src\Gui\sp-gui.html\sp-gui-electron\node_modules\jest-jasmine2\build\setup_jest_globals.js:78:9)
    at specFactory (C:\dev\github\scacchi-painter\src\Gui\sp-gui.html\sp-gui-electron\node_modules\jest-jasmine2\build\jasmine\Env.js:523:24)
    at Env.it (C:\dev\github\scacchi-painter\src\Gui\sp-gui.html\sp-gui-electron\node_modules\jest-jasmine2\build\jasmine\Env.js:592:24)
    at Env.it (C:\dev\github\scacchi-painter\src\Gui\sp-gui.html\sp-gui-electron\node_modules\jest-jasmine2\build\jasmineAsyncInstall.js:86:25)
    at it (C:\dev\github\scacchi-painter\src\Gui\sp-gui.html\sp-gui-electron\node_modules\jest-jasmine2\build\jasmine\jasmineLight.js:100:21)
    at Suite.&lt;anonymous&gt; (C:\dev\github\scacchi-painter\src\Gui\sp-gui.html\sp-gui-electron\src\solver\PopeyeSolver.spec.ts:7:3)
    at addSpecsToSuite (C:\dev\github\scacchi-painter\src\Gui\sp-gui.html\sp-gui-electron\node_modules\jest-jasmine2\build\jasmine\Env.js:444:51)
    at Env.describe (C:\dev\github\scacchi-painter\src\Gui\sp-gui.html\sp-gui-electron\node_modules\jest-jasmine2\build\jasmine\Env.js:414:11)
    at describe (C:\dev\github\scacchi-painter\src\Gui\sp-gui.html\sp-gui-electron\node_modules\jest-jasmine2\build\jasmine\jasmineLight.js:88:18)</failure>
    </testcase>
  </testsuite>
</testsuites>